<?xml version="1.0" encoding="UTF-8"?>
<!-- Generated by org.testng.reporters.JUnitReportReporter -->
<testsuite skipped="0" hostname="Pyna" name="org.Google.Scripts.Searchtext" tests="1" failures="0" timestamp="19 Sep 2018 14:23:17 GMT" time="79.418" errors="0">
  <testcase name="test" time="79.418" classname="org.Google.Scripts.Searchtext"/>
</testsuite> <!-- org.Google.Scripts.Searchtext -->
